{"/home/josemario/Documentos/desafio/api/desafio-back-growdev/src/controllers/StudentController.ts": {"path":"/home/josemario/Documentos/desafio/api/desafio-back-growdev/src/controllers/StudentController.ts","statementMap":{"0":{"start":{"line":2,"column":0},"end":{"line":2,"column":30}},"1":{"start":{"line":3,"column":0},"end":{"line":3,"column":45}},"2":{"start":{"line":7,"column":4},"end":{"line":14,"column":5}},"3":{"start":{"line":8,"column":35},"end":{"line":8,"column":43}},"4":{"start":{"line":9,"column":25},"end":{"line":9,"column":67}},"5":{"start":{"line":11,"column":6},"end":{"line":11,"column":null}},"6":{"start":{"line":13,"column":6},"end":{"line":13,"column":null}},"7":{"start":{"line":18,"column":4},"end":{"line":32,"column":5}},"8":{"start":{"line":19,"column":27},"end":{"line":19,"column":85}},"9":{"start":{"line":21,"column":6},"end":{"line":23,"column":7}},"10":{"start":{"line":22,"column":8},"end":{"line":22,"column":null}},"11":{"start":{"line":25,"column":30},"end":{"line":27,"column":9}},"12":{"start":{"line":25,"column":81},"end":{"line":27,"column":8}},"13":{"start":{"line":26,"column":8},"end":{"line":26,"column":null}},"14":{"start":{"line":29,"column":6},"end":{"line":29,"column":null}},"15":{"start":{"line":31,"column":6},"end":{"line":31,"column":null}},"16":{"start":{"line":36,"column":4},"end":{"line":60,"column":5}},"17":{"start":{"line":37,"column":21},"end":{"line":37,"column":80}},"18":{"start":{"line":38,"column":19},"end":{"line":38,"column":74}},"19":{"start":{"line":39,"column":23},"end":{"line":39,"column":86}},"20":{"start":{"line":40,"column":21},"end":{"line":40,"column":42}},"21":{"start":{"line":42,"column":27},"end":{"line":46,"column":12}},"22":{"start":{"line":48,"column":23},"end":{"line":55,"column":8}},"23":{"start":{"line":57,"column":6},"end":{"line":57,"column":null}},"24":{"start":{"line":59,"column":6},"end":{"line":59,"column":null}},"25":{"start":{"line":64,"column":4},"end":{"line":77,"column":5}},"26":{"start":{"line":65,"column":21},"end":{"line":65,"column":31}},"27":{"start":{"line":66,"column":29},"end":{"line":66,"column":55}},"28":{"start":{"line":68,"column":6},"end":{"line":70,"column":7}},"29":{"start":{"line":69,"column":8},"end":{"line":69,"column":null}},"30":{"start":{"line":72,"column":6},"end":{"line":72,"column":null}},"31":{"start":{"line":74,"column":6},"end":{"line":74,"column":null}},"32":{"start":{"line":76,"column":6},"end":{"line":76,"column":null}},"33":{"start":{"line":81,"column":4},"end":{"line":96,"column":5}},"34":{"start":{"line":82,"column":21},"end":{"line":82,"column":31}},"35":{"start":{"line":83,"column":30},"end":{"line":83,"column":38}},"36":{"start":{"line":85,"column":29},"end":{"line":85,"column":55}},"37":{"start":{"line":87,"column":6},"end":{"line":89,"column":7}},"38":{"start":{"line":88,"column":8},"end":{"line":88,"column":null}},"39":{"start":{"line":91,"column":6},"end":{"line":91,"column":null}},"40":{"start":{"line":93,"column":6},"end":{"line":93,"column":null}},"41":{"start":{"line":95,"column":6},"end":{"line":95,"column":null}},"42":{"start":{"line":100,"column":0},"end":{"line":100,"column":null}}},"fnMap":{"0":{"name":"(anonymous_8)","decl":{"start":{"line":6,"column":9},"end":{"line":6,"column":15}},"loc":{"start":{"line":6,"column":56},"end":{"line":15,"column":null}}},"1":{"name":"(anonymous_10)","decl":{"start":{"line":17,"column":9},"end":{"line":17,"column":15}},"loc":{"start":{"line":17,"column":59},"end":{"line":33,"column":null}}},"2":{"name":"(anonymous_12)","decl":{"start":{"line":25,"column":65},"end":{"line":25,"column":71}},"loc":{"start":{"line":25,"column":81},"end":{"line":27,"column":8}}},"3":{"name":"(anonymous_13)","decl":{"start":{"line":25,"column":81},"end":{"line":25,"column":null}},"loc":{"start":{"line":25,"column":81},"end":{"line":27,"column":7}}},"4":{"name":"(anonymous_14)","decl":{"start":{"line":35,"column":9},"end":{"line":35,"column":15}},"loc":{"start":{"line":35,"column":57},"end":{"line":61,"column":null}}},"5":{"name":"(anonymous_16)","decl":{"start":{"line":63,"column":9},"end":{"line":63,"column":15}},"loc":{"start":{"line":63,"column":56},"end":{"line":78,"column":null}}},"6":{"name":"(anonymous_18)","decl":{"start":{"line":80,"column":9},"end":{"line":80,"column":15}},"loc":{"start":{"line":80,"column":56},"end":{"line":97,"column":null}}}},"branchMap":{"0":{"loc":{"start":{"line":21,"column":6},"end":{"line":23,"column":7}},"type":"if","locations":[{"start":{"line":21,"column":6},"end":{"line":23,"column":7}}]},"1":{"loc":{"start":{"line":37,"column":21},"end":{"line":37,"column":80}},"type":"cond-expr","locations":[{"start":{"line":37,"column":41},"end":{"line":37,"column":75}},{"start":{"line":37,"column":78},"end":{"line":37,"column":80}}]},"2":{"loc":{"start":{"line":38,"column":19},"end":{"line":38,"column":74}},"type":"cond-expr","locations":[{"start":{"line":38,"column":36},"end":{"line":38,"column":70}},{"start":{"line":38,"column":73},"end":{"line":38,"column":74}}]},"3":{"loc":{"start":{"line":39,"column":23},"end":{"line":39,"column":86}},"type":"cond-expr","locations":[{"start":{"line":39,"column":44},"end":{"line":39,"column":82}},{"start":{"line":39,"column":85},"end":{"line":39,"column":86}}]},"4":{"loc":{"start":{"line":42,"column":27},"end":{"line":46,"column":12}},"type":"cond-expr","locations":[{"start":{"line":42,"column":36},"end":{"line":46,"column":8}},{"start":{"line":46,"column":10},"end":{"line":46,"column":12}}]},"5":{"loc":{"start":{"line":68,"column":6},"end":{"line":70,"column":7}},"type":"if","locations":[{"start":{"line":68,"column":6},"end":{"line":70,"column":7}}]},"6":{"loc":{"start":{"line":87,"column":6},"end":{"line":89,"column":7}},"type":"if","locations":[{"start":{"line":87,"column":6},"end":{"line":89,"column":7}}]}},"s":{"0":1,"1":1,"2":2,"3":2,"4":2,"5":1,"6":1,"7":3,"8":3,"9":3,"10":1,"11":2,"12":4,"13":4,"14":1,"15":1,"16":3,"17":3,"18":3,"19":3,"20":3,"21":3,"22":3,"23":2,"24":1,"25":3,"26":3,"27":3,"28":3,"29":1,"30":2,"31":1,"32":1,"33":3,"34":3,"35":3,"36":3,"37":3,"38":1,"39":2,"40":1,"41":1,"42":1},"f":{"0":2,"1":3,"2":4,"3":4,"4":3,"5":3,"6":3},"b":{"0":[1],"1":[0,3],"2":[3,0],"3":[3,0],"4":[0,3],"5":[1],"6":[1]}}
,"/home/josemario/Documentos/desafio/api/desafio-back-growdev/src/controllers/UserController.ts": {"path":"/home/josemario/Documentos/desafio/api/desafio-back-growdev/src/controllers/UserController.ts","statementMap":{"0":{"start":{"line":2,"column":0},"end":{"line":2,"column":39}},"1":{"start":{"line":6,"column":4},"end":{"line":12,"column":5}},"2":{"start":{"line":7,"column":20},"end":{"line":7,"column":40}},"3":{"start":{"line":9,"column":6},"end":{"line":9,"column":null}},"4":{"start":{"line":11,"column":6},"end":{"line":11,"column":null}},"5":{"start":{"line":16,"column":4},"end":{"line":24,"column":5}},"6":{"start":{"line":17,"column":40},"end":{"line":17,"column":48}},"7":{"start":{"line":18,"column":22},"end":{"line":18,"column":66}},"8":{"start":{"line":19,"column":20},"end":{"line":19,"column":47}},"9":{"start":{"line":21,"column":6},"end":{"line":21,"column":null}},"10":{"start":{"line":23,"column":6},"end":{"line":23,"column":null}},"11":{"start":{"line":28,"column":4},"end":{"line":47,"column":5}},"12":{"start":{"line":29,"column":36},"end":{"line":29,"column":44}},"13":{"start":{"line":30,"column":21},"end":{"line":30,"column":61}},"14":{"start":{"line":32,"column":8},"end":{"line":34,"column":9}},"15":{"start":{"line":33,"column":10},"end":{"line":33,"column":null}},"16":{"start":{"line":36,"column":32},"end":{"line":36,"column":69}},"17":{"start":{"line":38,"column":8},"end":{"line":40,"column":9}},"18":{"start":{"line":39,"column":10},"end":{"line":39,"column":null}},"19":{"start":{"line":42,"column":22},"end":{"line":42,"column":47}},"20":{"start":{"line":44,"column":8},"end":{"line":44,"column":null}},"21":{"start":{"line":46,"column":8},"end":{"line":46,"column":null}},"22":{"start":{"line":51,"column":0},"end":{"line":51,"column":null}}},"fnMap":{"0":{"name":"(anonymous_8)","decl":{"start":{"line":5,"column":9},"end":{"line":5,"column":15}},"loc":{"start":{"line":5,"column":61},"end":{"line":13,"column":null}}},"1":{"name":"(anonymous_10)","decl":{"start":{"line":15,"column":9},"end":{"line":15,"column":15}},"loc":{"start":{"line":15,"column":56},"end":{"line":25,"column":null}}},"2":{"name":"(anonymous_12)","decl":{"start":{"line":27,"column":9},"end":{"line":27,"column":15}},"loc":{"start":{"line":27,"column":55},"end":{"line":48,"column":null}}}},"branchMap":{"0":{"loc":{"start":{"line":32,"column":8},"end":{"line":34,"column":9}},"type":"if","locations":[{"start":{"line":32,"column":8},"end":{"line":34,"column":9}}]},"1":{"loc":{"start":{"line":38,"column":8},"end":{"line":40,"column":9}},"type":"if","locations":[{"start":{"line":38,"column":8},"end":{"line":40,"column":9}}]}},"s":{"0":1,"1":2,"2":2,"3":1,"4":1,"5":2,"6":2,"7":2,"8":1,"9":1,"10":1,"11":4,"12":4,"13":4,"14":3,"15":1,"16":2,"17":2,"18":1,"19":1,"20":1,"21":1,"22":1},"f":{"0":2,"1":2,"2":4},"b":{"0":[1],"1":[1]}}
,"/home/josemario/Documentos/desafio/api/desafio-back-growdev/src/models/student.model.ts": {"path":"/home/josemario/Documentos/desafio/api/desafio-back-growdev/src/models/student.model.ts","statementMap":{"0":{"start":{"line":3,"column":0},"end":{"line":3,"column":44}},"1":{"start":{"line":4,"column":0},"end":{"line":4,"column":43}},"2":{"start":{"line":13,"column":0},"end":{"line":39,"column":null}},"3":{"start":{"line":41,"column":0},"end":{"line":41,"column":null}}},"fnMap":{},"branchMap":{},"s":{"0":1,"1":1,"2":1,"3":1},"f":{},"b":{}}
,"/home/josemario/Documentos/desafio/api/desafio-back-growdev/src/models/user.model.ts": {"path":"/home/josemario/Documentos/desafio/api/desafio-back-growdev/src/models/user.model.ts","statementMap":{"0":{"start":{"line":1,"column":0},"end":{"line":1,"column":44}},"1":{"start":{"line":2,"column":0},"end":{"line":2,"column":43}},"2":{"start":{"line":3,"column":0},"end":{"line":3,"column":29}},"3":{"start":{"line":4,"column":0},"end":{"line":4,"column":30}},"4":{"start":{"line":13,"column":4},"end":{"line":13,"column":null}},"5":{"start":{"line":17,"column":4},"end":{"line":17,"column":null}},"6":{"start":{"line":21,"column":0},"end":{"line":52,"column":null}},"7":{"start":{"line":46,"column":41},"end":{"line":49,"column":null}},"8":{"start":{"line":47,"column":21},"end":{"line":47,"column":45}},"9":{"start":{"line":48,"column":8},"end":{"line":48,"column":null}},"10":{"start":{"line":54,"column":0},"end":{"line":54,"column":null}}},"fnMap":{"0":{"name":"(anonymous_8)","decl":{"start":{"line":12,"column":9},"end":{"line":12,"column":26}},"loc":{"start":{"line":12,"column":26},"end":{"line":14,"column":3}}},"1":{"name":"(anonymous_9)","decl":{"start":{"line":16,"column":15},"end":{"line":16,"column":30}},"loc":{"start":{"line":16,"column":47},"end":{"line":18,"column":null}}},"2":{"name":"(anonymous_11)","decl":{"start":{"line":46,"column":20},"end":{"line":46,"column":27}},"loc":{"start":{"line":46,"column":41},"end":{"line":49,"column":null}}},"3":{"name":"(anonymous_12)","decl":{"start":{"line":46,"column":41},"end":{"line":46,"column":null}},"loc":{"start":{"line":46,"column":41},"end":{"line":49,"column":7}}}},"branchMap":{},"s":{"0":1,"1":1,"2":1,"3":1,"4":0,"5":0,"6":1,"7":0,"8":0,"9":0,"10":1},"f":{"0":0,"1":0,"2":0,"3":0},"b":{}}
,"/home/josemario/Documentos/desafio/api/desafio-back-growdev/src/orm/database.ts": {"path":"/home/josemario/Documentos/desafio/api/desafio-back-growdev/src/orm/database.ts","statementMap":{"0":{"start":{"line":1,"column":0},"end":{"line":1,"column":37}},"1":{"start":{"line":3,"column":60},"end":{"line":3,"column":71}},"2":{"start":{"line":5,"column":13},"end":{"line":9,"column":null}}},"fnMap":{},"branchMap":{},"s":{"0":2,"1":2,"2":2},"f":{},"b":{}}
}
