TN:
SF:src/controllers/UserController.ts
FN:5,(anonymous_8)
FN:15,(anonymous_10)
FN:27,(anonymous_12)
FNF:3
FNH:3
FNDA:2,(anonymous_8)
FNDA:2,(anonymous_10)
FNDA:4,(anonymous_12)
DA:2,1
DA:6,2
DA:7,2
DA:9,1
DA:11,1
DA:16,2
DA:17,2
DA:18,2
DA:19,1
DA:21,1
DA:23,1
DA:28,4
DA:29,4
DA:30,4
DA:32,3
DA:33,1
DA:36,2
DA:38,2
DA:39,1
DA:42,1
DA:44,1
DA:46,1
DA:51,1
LF:23
LH:23
BRDA:32,0,0,1
BRDA:38,1,0,1
BRF:2
BRH:2
end_of_record
TN:
SF:src/models/user.model.ts
FN:12,(anonymous_8)
FN:16,(anonymous_9)
FN:46,(anonymous_11)
FN:46,(anonymous_12)
FNF:4
FNH:0
FNDA:0,(anonymous_8)
FNDA:0,(anonymous_9)
FNDA:0,(anonymous_11)
FNDA:0,(anonymous_12)
DA:1,1
DA:2,1
DA:3,1
DA:4,1
DA:13,0
DA:17,0
DA:21,1
DA:46,0
DA:47,0
DA:48,0
DA:54,1
LF:11
LH:6
BRF:0
BRH:0
end_of_record
TN:
SF:src/orm/database.ts
FNF:0
FNH:0
DA:1,1
DA:3,1
DA:5,1
LF:3
LH:3
BRF:0
BRH:0
end_of_record
