TN:
SF:src/controllers/StudentController.ts
FN:6,(anonymous_8)
FN:17,(anonymous_10)
FN:25,(anonymous_12)
FN:25,(anonymous_13)
FN:35,(anonymous_14)
FN:63,(anonymous_16)
FN:80,(anonymous_18)
FNF:7
FNH:7
FNDA:2,(anonymous_8)
FNDA:3,(anonymous_10)
FNDA:4,(anonymous_12)
FNDA:4,(anonymous_13)
FNDA:3,(anonymous_14)
FNDA:3,(anonymous_16)
FNDA:3,(anonymous_18)
DA:2,1
DA:3,1
DA:7,2
DA:8,2
DA:9,2
DA:11,1
DA:13,1
DA:18,3
DA:19,3
DA:21,3
DA:22,1
DA:25,4
DA:26,4
DA:29,1
DA:31,1
DA:36,3
DA:37,3
DA:38,3
DA:39,3
DA:40,3
DA:42,3
DA:48,3
DA:57,2
DA:59,1
DA:64,3
DA:65,3
DA:66,3
DA:68,3
DA:69,1
DA:72,2
DA:74,1
DA:76,1
DA:81,3
DA:82,3
DA:83,3
DA:85,3
DA:87,3
DA:88,1
DA:91,2
DA:93,1
DA:95,1
DA:100,1
LF:42
LH:42
BRDA:21,0,0,1
BRDA:37,1,0,0
BRDA:37,1,1,3
BRDA:38,2,0,3
BRDA:38,2,1,0
BRDA:39,3,0,3
BRDA:39,3,1,0
BRDA:42,4,0,0
BRDA:42,4,1,3
BRDA:68,5,0,1
BRDA:87,6,0,1
BRF:11
BRH:7
end_of_record
TN:
SF:src/controllers/UserController.ts
FN:5,(anonymous_8)
FN:15,(anonymous_10)
FN:27,(anonymous_12)
FNF:3
FNH:3
FNDA:2,(anonymous_8)
FNDA:2,(anonymous_10)
FNDA:4,(anonymous_12)
DA:2,1
DA:6,2
DA:7,2
DA:9,1
DA:11,1
DA:16,2
DA:17,2
DA:18,2
DA:19,1
DA:21,1
DA:23,1
DA:28,4
DA:29,4
DA:30,4
DA:32,3
DA:33,1
DA:36,2
DA:38,2
DA:39,1
DA:42,1
DA:44,1
DA:46,1
DA:51,1
LF:23
LH:23
BRDA:32,0,0,1
BRDA:38,1,0,1
BRF:2
BRH:2
end_of_record
TN:
SF:src/models/student.model.ts
FNF:0
FNH:0
DA:3,1
DA:4,1
DA:13,1
DA:41,1
LF:4
LH:4
BRF:0
BRH:0
end_of_record
TN:
SF:src/models/user.model.ts
FN:12,(anonymous_8)
FN:16,(anonymous_9)
FN:46,(anonymous_11)
FN:46,(anonymous_12)
FNF:4
FNH:0
FNDA:0,(anonymous_8)
FNDA:0,(anonymous_9)
FNDA:0,(anonymous_11)
FNDA:0,(anonymous_12)
DA:1,1
DA:2,1
DA:3,1
DA:4,1
DA:13,0
DA:17,0
DA:21,1
DA:46,0
DA:47,0
DA:48,0
DA:54,1
LF:11
LH:6
BRF:0
BRH:0
end_of_record
TN:
SF:src/orm/database.ts
FNF:0
FNH:0
DA:1,2
DA:3,2
DA:5,2
LF:3
LH:3
BRF:0
BRH:0
end_of_record
